<?xml version="1.0" encoding="UTF-8"?>
<testsuite xmlns:xsi="http://www.w3.org/2001/XMLSchema-instance" xsi:noNamespaceSchemaLocation="https://maven.apache.org/surefire/maven-surefire-plugin/xsd/surefire-test-report-3.0.xsd" version="3.0" name="sample.test.PowerTest" time="0.087" tests="1" errors="0" skipped="0" failures="0">
  <properties>
    <property name="sun.desktop" value="windows"/>
    <property name="awt.toolkit" value="sun.awt.windows.WToolkit"/>
    <property name="java.specification.version" value="12"/>
    <property name="sun.cpu.isalist" value="amd64"/>
    <property name="sun.jnu.encoding" value="Cp1252"/>
    <property name="java.class.path" value="C:\Users\ma20090671\eclipse-workspace\sample\target\test-classes;C:\Users\ma20090671\eclipse-workspace\sample\target\classes;C:\Users\ma20090671\.m2\repository\junit\junit\4.0\junit-4.0.jar;C:\Users\ma20090671\.m2\repository\javax\servlet\javax.servlet-api\3.1.0\javax.servlet-api-3.1.0.jar;C:\Users\ma20090671\.m2\repository\javax\servlet\jsp-api\2.0\jsp-api-2.0.jar;C:\Users\ma20090671\.m2\repository\javax\servlet\servlet-api\2.4\servlet-api-2.4.jar;C:\Users\ma20090671\.m2\repository\org\apache\tomcat\maven\tomcat7-maven-plugin\2.2\tomcat7-maven-plugin-2.2.jar;C:\Users\ma20090671\.m2\repository\org\apache\tomcat\embed\tomcat-embed-core\7.0.47\tomcat-embed-core-7.0.47.jar;C:\Users\ma20090671\.m2\repository\org\apache\tomcat\tomcat-util\7.0.47\tomcat-util-7.0.47.jar;C:\Users\ma20090671\.m2\repository\org\apache\tomcat\tomcat-coyote\7.0.47\tomcat-coyote-7.0.47.jar;C:\Users\ma20090671\.m2\repository\org\apache\tomcat\tomcat-api\7.0.47\tomcat-api-7.0.47.jar;C:\Users\ma20090671\.m2\repository\org\apache\tomcat\tomcat-jdbc\7.0.47\tomcat-jdbc-7.0.47.jar;C:\Users\ma20090671\.m2\repository\org\apache\tomcat\tomcat-dbcp\7.0.47\tomcat-dbcp-7.0.47.jar;C:\Users\ma20090671\.m2\repository\org\apache\tomcat\tomcat-servlet-api\7.0.47\tomcat-servlet-api-7.0.47.jar;C:\Users\ma20090671\.m2\repository\org\apache\tomcat\tomcat-jsp-api\7.0.47\tomcat-jsp-api-7.0.47.jar;C:\Users\ma20090671\.m2\repository\org\apache\tomcat\tomcat-jasper\7.0.47\tomcat-jasper-7.0.47.jar;C:\Users\ma20090671\.m2\repository\org\apache\tomcat\tomcat-jasper-el\7.0.47\tomcat-jasper-el-7.0.47.jar;C:\Users\ma20090671\.m2\repository\org\apache\tomcat\tomcat-el-api\7.0.47\tomcat-el-api-7.0.47.jar;C:\Users\ma20090671\.m2\repository\org\apache\tomcat\tomcat-catalina\7.0.47\tomcat-catalina-7.0.47.jar;C:\Users\ma20090671\.m2\repository\org\apache\tomcat\tomcat-tribes\7.0.47\tomcat-tribes-7.0.47.jar;C:\Users\ma20090671\.m2\repository\org\apache\tomcat\tomcat-catalina-ha\7.0.47\tomcat-catalina-ha-7.0.47.jar;C:\Users\ma20090671\.m2\repository\org\apache\tomcat\tomcat-annotations-api\7.0.47\tomcat-annotations-api-7.0.47.jar;C:\Users\ma20090671\.m2\repository\org\apache\tomcat\tomcat-juli\7.0.47\tomcat-juli-7.0.47.jar;C:\Users\ma20090671\.m2\repository\org\apache\tomcat\embed\tomcat-embed-logging-juli\7.0.47\tomcat-embed-logging-juli-7.0.47.jar;C:\Users\ma20090671\.m2\repository\org\apache\tomcat\embed\tomcat-embed-logging-log4j\7.0.47\tomcat-embed-logging-log4j-7.0.47.jar;C:\Users\ma20090671\.m2\repository\org\eclipse\jdt\core\compiler\ecj\4.2.2\ecj-4.2.2.jar;C:\Users\ma20090671\.m2\repository\org\apache\tomcat\maven\common-tomcat-maven-plugin\2.2\common-tomcat-maven-plugin-2.2.jar;C:\Users\ma20090671\.m2\repository\org\apache\maven\maven-project\2.2.1\maven-project-2.2.1.jar;C:\Users\ma20090671\.m2\repository\org\apache\maven\maven-profile\2.2.1\maven-profile-2.2.1.jar;C:\Users\ma20090671\.m2\repository\org\apache\maven\maven-artifact-manager\2.2.1\maven-artifact-manager-2.2.1.jar;C:\Users\ma20090671\.m2\repository\backport-util-concurrent\backport-util-concurrent\3.1\backport-util-concurrent-3.1.jar;C:\Users\ma20090671\.m2\repository\org\apache\maven\maven-plugin-registry\2.2.1\maven-plugin-registry-2.2.1.jar;C:\Users\ma20090671\.m2\repository\com\google\guava\guava\10.0.1\guava-10.0.1.jar;C:\Users\ma20090671\.m2\repository\com\google\code\findbugs\jsr305\1.3.9\jsr305-1.3.9.jar;C:\Users\ma20090671\.m2\repository\org\apache\httpcomponents\httpclient\4.3.1\httpclient-4.3.1.jar;C:\Users\ma20090671\.m2\repository\org\apache\httpcomponents\httpcore\4.3\httpcore-4.3.jar;C:\Users\ma20090671\.m2\repository\commons-logging\commons-logging\1.1.3\commons-logging-1.1.3.jar;C:\Users\ma20090671\.m2\repository\org\codehaus\plexus\plexus-component-annotations\1.5.5\plexus-component-annotations-1.5.5.jar;C:\Users\ma20090671\.m2\repository\commons-codec\commons-codec\1.6\commons-codec-1.6.jar;C:\Users\ma20090671\.m2\repository\org\apache\tomcat\maven\tomcat7-war-runner\2.2\tomcat7-war-runner-2.2.jar;C:\Users\ma20090671\.m2\repository\commons-cli\commons-cli\1.2\commons-cli-1.2.jar;C:\Users\ma20090671\.m2\repository\org\apache\maven\maven-plugin-api\2.2.1\maven-plugin-api-2.2.1.jar;C:\Users\ma20090671\.m2\repository\org\apache\maven\maven-archiver\2.4.2\maven-archiver-2.4.2.jar;C:\Users\ma20090671\.m2\repository\org\apache\maven\maven-artifact\2.0.6\maven-artifact-2.0.6.jar;C:\Users\ma20090671\.m2\repository\org\apache\maven\maven-model\2.0.6\maven-model-2.0.6.jar;C:\Users\ma20090671\.m2\repository\org\codehaus\plexus\plexus-interpolation\1.13\plexus-interpolation-1.13.jar;C:\Users\ma20090671\.m2\repository\org\codehaus\plexus\plexus-classworlds\2.2.2\plexus-classworlds-2.2.2.jar;C:\Users\ma20090671\.m2\repository\commons-io\commons-io\2.2\commons-io-2.2.jar;C:\Users\ma20090671\.m2\repository\commons-lang\commons-lang\2.6\commons-lang-2.6.jar;C:\Users\ma20090671\.m2\repository\org\apache\commons\commons-compress\1.4.1\commons-compress-1.4.1.jar;C:\Users\ma20090671\.m2\repository\org\tukaani\xz\1.0\xz-1.0.jar;C:\Users\ma20090671\.m2\repository\org\codehaus\plexus\plexus-archiver\2.1.1\plexus-archiver-2.1.1.jar;C:\Users\ma20090671\.m2\repository\org\codehaus\plexus\plexus-container-default\1.0-alpha-9-stable-1\plexus-container-default-1.0-alpha-9-stable-1.jar;C:\Users\ma20090671\.m2\repository\classworlds\classworlds\1.1-alpha-2\classworlds-1.1-alpha-2.jar;C:\Users\ma20090671\.m2\repository\org\codehaus\plexus\plexus-io\2.0.3\plexus-io-2.0.3.jar;C:\Users\ma20090671\.m2\repository\org\codehaus\plexus\plexus-utils\3.0.15\plexus-utils-3.0.15.jar;C:\Users\ma20090671\.m2\repository\org\apache\maven\shared\maven-filtering\1.0\maven-filtering-1.0.jar;C:\Users\ma20090671\.m2\repository\org\apache\maven\maven-core\2.0.6\maven-core-2.0.6.jar;C:\Users\ma20090671\.m2\repository\org\apache\maven\wagon\wagon-file\1.0-beta-2\wagon-file-1.0-beta-2.jar;C:\Users\ma20090671\.m2\repository\org\apache\maven\maven-plugin-parameter-documenter\2.0.6\maven-plugin-parameter-documenter-2.0.6.jar;C:\Users\ma20090671\.m2\repository\org\apache\maven\wagon\wagon-http-lightweight\1.0-beta-2\wagon-http-lightweight-1.0-beta-2.jar;C:\Users\ma20090671\.m2\repository\org\apache\maven\wagon\wagon-http-shared\1.0-beta-2\wagon-http-shared-1.0-beta-2.jar;C:\Users\ma20090671\.m2\repository\jtidy\jtidy\4aug2000r7-dev\jtidy-4aug2000r7-dev.jar;C:\Users\ma20090671\.m2\repository\xml-apis\xml-apis\1.0.b2\xml-apis-1.0.b2.jar;C:\Users\ma20090671\.m2\repository\org\apache\maven\reporting\maven-reporting-api\2.0.6\maven-reporting-api-2.0.6.jar;C:\Users\ma20090671\.m2\repository\org\apache\maven\doxia\doxia-sink-api\1.0-alpha-7\doxia-sink-api-1.0-alpha-7.jar;C:\Users\ma20090671\.m2\repository\org\apache\maven\wagon\wagon-provider-api\1.0-beta-2\wagon-provider-api-1.0-beta-2.jar;C:\Users\ma20090671\.m2\repository\org\apache\maven\maven-repository-metadata\2.0.6\maven-repository-metadata-2.0.6.jar;C:\Users\ma20090671\.m2\repository\org\apache\maven\maven-error-diagnostics\2.0.6\maven-error-diagnostics-2.0.6.jar;C:\Users\ma20090671\.m2\repository\org\apache\maven\wagon\wagon-ssh-external\1.0-beta-2\wagon-ssh-external-1.0-beta-2.jar;C:\Users\ma20090671\.m2\repository\org\apache\maven\wagon\wagon-ssh-common\1.0-beta-2\wagon-ssh-common-1.0-beta-2.jar;C:\Users\ma20090671\.m2\repository\org\apache\maven\maven-plugin-descriptor\2.0.6\maven-plugin-descriptor-2.0.6.jar;C:\Users\ma20090671\.m2\repository\org\codehaus\plexus\plexus-interactivity-api\1.0-alpha-4\plexus-interactivity-api-1.0-alpha-4.jar;C:\Users\ma20090671\.m2\repository\org\apache\maven\wagon\wagon-ssh\1.0-beta-2\wagon-ssh-1.0-beta-2.jar;C:\Users\ma20090671\.m2\repository\com\jcraft\jsch\0.1.27\jsch-0.1.27.jar;C:\Users\ma20090671\.m2\repository\org\apache\maven\maven-monitor\2.0.6\maven-monitor-2.0.6.jar;C:\Users\ma20090671\.m2\repository\org\apache\maven\maven-settings\2.0.6\maven-settings-2.0.6.jar;C:\Users\ma20090671\.m2\repository\org\sonatype\plexus\plexus-build-api\0.0.4\plexus-build-api-0.0.4.jar;C:\Users\ma20090671\.m2\repository\org\slf4j\jcl-over-slf4j\1.7.5\jcl-over-slf4j-1.7.5.jar;C:\Users\ma20090671\.m2\repository\org\slf4j\slf4j-api\1.7.5\slf4j-api-1.7.5.jar;"/>
    <property name="java.vm.vendor" value="AdoptOpenJDK"/>
    <property name="sun.arch.data.model" value="64"/>
    <property name="user.variant" value=""/>
    <property name="java.vendor.url" value="https://adoptopenjdk.net/"/>
    <property name="user.timezone" value="America/Los_Angeles"/>
    <property name="os.name" value="Windows 10"/>
    <property name="java.vm.specification.version" value="12"/>
    <property name="sun.java.launcher" value="SUN_STANDARD"/>
    <property name="user.country" value="US"/>
    <property name="sun.boot.library.path" value="C:\Users\ma20090671\Downloads\open-jdk12.0.2-windows-x64\jdk12.0.2-windows-x64\java-windows\bin"/>
    <property name="sun.java.command" value="C:\Users\ma20090671\AppData\Local\Temp\surefire15301276283910308284\surefirebooter10936327953552489452.jar C:\Users\ma20090671\AppData\Local\Temp\surefire15301276283910308284 2019-10-17T05-15-38_126-jvmRun1 surefire5655414952496684528tmp surefire_010207865034206110392tmp"/>
    <property name="jdk.debug" value="release"/>
    <property name="surefire.test.class.path" value="C:\Users\ma20090671\eclipse-workspace\sample\target\test-classes;C:\Users\ma20090671\eclipse-workspace\sample\target\classes;C:\Users\ma20090671\.m2\repository\junit\junit\4.0\junit-4.0.jar;C:\Users\ma20090671\.m2\repository\javax\servlet\javax.servlet-api\3.1.0\javax.servlet-api-3.1.0.jar;C:\Users\ma20090671\.m2\repository\javax\servlet\jsp-api\2.0\jsp-api-2.0.jar;C:\Users\ma20090671\.m2\repository\javax\servlet\servlet-api\2.4\servlet-api-2.4.jar;C:\Users\ma20090671\.m2\repository\org\apache\tomcat\maven\tomcat7-maven-plugin\2.2\tomcat7-maven-plugin-2.2.jar;C:\Users\ma20090671\.m2\repository\org\apache\tomcat\embed\tomcat-embed-core\7.0.47\tomcat-embed-core-7.0.47.jar;C:\Users\ma20090671\.m2\repository\org\apache\tomcat\tomcat-util\7.0.47\tomcat-util-7.0.47.jar;C:\Users\ma20090671\.m2\repository\org\apache\tomcat\tomcat-coyote\7.0.47\tomcat-coyote-7.0.47.jar;C:\Users\ma20090671\.m2\repository\org\apache\tomcat\tomcat-api\7.0.47\tomcat-api-7.0.47.jar;C:\Users\ma20090671\.m2\repository\org\apache\tomcat\tomcat-jdbc\7.0.47\tomcat-jdbc-7.0.47.jar;C:\Users\ma20090671\.m2\repository\org\apache\tomcat\tomcat-dbcp\7.0.47\tomcat-dbcp-7.0.47.jar;C:\Users\ma20090671\.m2\repository\org\apache\tomcat\tomcat-servlet-api\7.0.47\tomcat-servlet-api-7.0.47.jar;C:\Users\ma20090671\.m2\repository\org\apache\tomcat\tomcat-jsp-api\7.0.47\tomcat-jsp-api-7.0.47.jar;C:\Users\ma20090671\.m2\repository\org\apache\tomcat\tomcat-jasper\7.0.47\tomcat-jasper-7.0.47.jar;C:\Users\ma20090671\.m2\repository\org\apache\tomcat\tomcat-jasper-el\7.0.47\tomcat-jasper-el-7.0.47.jar;C:\Users\ma20090671\.m2\repository\org\apache\tomcat\tomcat-el-api\7.0.47\tomcat-el-api-7.0.47.jar;C:\Users\ma20090671\.m2\repository\org\apache\tomcat\tomcat-catalina\7.0.47\tomcat-catalina-7.0.47.jar;C:\Users\ma20090671\.m2\repository\org\apache\tomcat\tomcat-tribes\7.0.47\tomcat-tribes-7.0.47.jar;C:\Users\ma20090671\.m2\repository\org\apache\tomcat\tomcat-catalina-ha\7.0.47\tomcat-catalina-ha-7.0.47.jar;C:\Users\ma20090671\.m2\repository\org\apache\tomcat\tomcat-annotations-api\7.0.47\tomcat-annotations-api-7.0.47.jar;C:\Users\ma20090671\.m2\repository\org\apache\tomcat\tomcat-juli\7.0.47\tomcat-juli-7.0.47.jar;C:\Users\ma20090671\.m2\repository\org\apache\tomcat\embed\tomcat-embed-logging-juli\7.0.47\tomcat-embed-logging-juli-7.0.47.jar;C:\Users\ma20090671\.m2\repository\org\apache\tomcat\embed\tomcat-embed-logging-log4j\7.0.47\tomcat-embed-logging-log4j-7.0.47.jar;C:\Users\ma20090671\.m2\repository\org\eclipse\jdt\core\compiler\ecj\4.2.2\ecj-4.2.2.jar;C:\Users\ma20090671\.m2\repository\org\apache\tomcat\maven\common-tomcat-maven-plugin\2.2\common-tomcat-maven-plugin-2.2.jar;C:\Users\ma20090671\.m2\repository\org\apache\maven\maven-project\2.2.1\maven-project-2.2.1.jar;C:\Users\ma20090671\.m2\repository\org\apache\maven\maven-profile\2.2.1\maven-profile-2.2.1.jar;C:\Users\ma20090671\.m2\repository\org\apache\maven\maven-artifact-manager\2.2.1\maven-artifact-manager-2.2.1.jar;C:\Users\ma20090671\.m2\repository\backport-util-concurrent\backport-util-concurrent\3.1\backport-util-concurrent-3.1.jar;C:\Users\ma20090671\.m2\repository\org\apache\maven\maven-plugin-registry\2.2.1\maven-plugin-registry-2.2.1.jar;C:\Users\ma20090671\.m2\repository\com\google\guava\guava\10.0.1\guava-10.0.1.jar;C:\Users\ma20090671\.m2\repository\com\google\code\findbugs\jsr305\1.3.9\jsr305-1.3.9.jar;C:\Users\ma20090671\.m2\repository\org\apache\httpcomponents\httpclient\4.3.1\httpclient-4.3.1.jar;C:\Users\ma20090671\.m2\repository\org\apache\httpcomponents\httpcore\4.3\httpcore-4.3.jar;C:\Users\ma20090671\.m2\repository\commons-logging\commons-logging\1.1.3\commons-logging-1.1.3.jar;C:\Users\ma20090671\.m2\repository\org\codehaus\plexus\plexus-component-annotations\1.5.5\plexus-component-annotations-1.5.5.jar;C:\Users\ma20090671\.m2\repository\commons-codec\commons-codec\1.6\commons-codec-1.6.jar;C:\Users\ma20090671\.m2\repository\org\apache\tomcat\maven\tomcat7-war-runner\2.2\tomcat7-war-runner-2.2.jar;C:\Users\ma20090671\.m2\repository\commons-cli\commons-cli\1.2\commons-cli-1.2.jar;C:\Users\ma20090671\.m2\repository\org\apache\maven\maven-plugin-api\2.2.1\maven-plugin-api-2.2.1.jar;C:\Users\ma20090671\.m2\repository\org\apache\maven\maven-archiver\2.4.2\maven-archiver-2.4.2.jar;C:\Users\ma20090671\.m2\repository\org\apache\maven\maven-artifact\2.0.6\maven-artifact-2.0.6.jar;C:\Users\ma20090671\.m2\repository\org\apache\maven\maven-model\2.0.6\maven-model-2.0.6.jar;C:\Users\ma20090671\.m2\repository\org\codehaus\plexus\plexus-interpolation\1.13\plexus-interpolation-1.13.jar;C:\Users\ma20090671\.m2\repository\org\codehaus\plexus\plexus-classworlds\2.2.2\plexus-classworlds-2.2.2.jar;C:\Users\ma20090671\.m2\repository\commons-io\commons-io\2.2\commons-io-2.2.jar;C:\Users\ma20090671\.m2\repository\commons-lang\commons-lang\2.6\commons-lang-2.6.jar;C:\Users\ma20090671\.m2\repository\org\apache\commons\commons-compress\1.4.1\commons-compress-1.4.1.jar;C:\Users\ma20090671\.m2\repository\org\tukaani\xz\1.0\xz-1.0.jar;C:\Users\ma20090671\.m2\repository\org\codehaus\plexus\plexus-archiver\2.1.1\plexus-archiver-2.1.1.jar;C:\Users\ma20090671\.m2\repository\org\codehaus\plexus\plexus-container-default\1.0-alpha-9-stable-1\plexus-container-default-1.0-alpha-9-stable-1.jar;C:\Users\ma20090671\.m2\repository\classworlds\classworlds\1.1-alpha-2\classworlds-1.1-alpha-2.jar;C:\Users\ma20090671\.m2\repository\org\codehaus\plexus\plexus-io\2.0.3\plexus-io-2.0.3.jar;C:\Users\ma20090671\.m2\repository\org\codehaus\plexus\plexus-utils\3.0.15\plexus-utils-3.0.15.jar;C:\Users\ma20090671\.m2\repository\org\apache\maven\shared\maven-filtering\1.0\maven-filtering-1.0.jar;C:\Users\ma20090671\.m2\repository\org\apache\maven\maven-core\2.0.6\maven-core-2.0.6.jar;C:\Users\ma20090671\.m2\repository\org\apache\maven\wagon\wagon-file\1.0-beta-2\wagon-file-1.0-beta-2.jar;C:\Users\ma20090671\.m2\repository\org\apache\maven\maven-plugin-parameter-documenter\2.0.6\maven-plugin-parameter-documenter-2.0.6.jar;C:\Users\ma20090671\.m2\repository\org\apache\maven\wagon\wagon-http-lightweight\1.0-beta-2\wagon-http-lightweight-1.0-beta-2.jar;C:\Users\ma20090671\.m2\repository\org\apache\maven\wagon\wagon-http-shared\1.0-beta-2\wagon-http-shared-1.0-beta-2.jar;C:\Users\ma20090671\.m2\repository\jtidy\jtidy\4aug2000r7-dev\jtidy-4aug2000r7-dev.jar;C:\Users\ma20090671\.m2\repository\xml-apis\xml-apis\1.0.b2\xml-apis-1.0.b2.jar;C:\Users\ma20090671\.m2\repository\org\apache\maven\reporting\maven-reporting-api\2.0.6\maven-reporting-api-2.0.6.jar;C:\Users\ma20090671\.m2\repository\org\apache\maven\doxia\doxia-sink-api\1.0-alpha-7\doxia-sink-api-1.0-alpha-7.jar;C:\Users\ma20090671\.m2\repository\org\apache\maven\wagon\wagon-provider-api\1.0-beta-2\wagon-provider-api-1.0-beta-2.jar;C:\Users\ma20090671\.m2\repository\org\apache\maven\maven-repository-metadata\2.0.6\maven-repository-metadata-2.0.6.jar;C:\Users\ma20090671\.m2\repository\org\apache\maven\maven-error-diagnostics\2.0.6\maven-error-diagnostics-2.0.6.jar;C:\Users\ma20090671\.m2\repository\org\apache\maven\wagon\wagon-ssh-external\1.0-beta-2\wagon-ssh-external-1.0-beta-2.jar;C:\Users\ma20090671\.m2\repository\org\apache\maven\wagon\wagon-ssh-common\1.0-beta-2\wagon-ssh-common-1.0-beta-2.jar;C:\Users\ma20090671\.m2\repository\org\apache\maven\maven-plugin-descriptor\2.0.6\maven-plugin-descriptor-2.0.6.jar;C:\Users\ma20090671\.m2\repository\org\codehaus\plexus\plexus-interactivity-api\1.0-alpha-4\plexus-interactivity-api-1.0-alpha-4.jar;C:\Users\ma20090671\.m2\repository\org\apache\maven\wagon\wagon-ssh\1.0-beta-2\wagon-ssh-1.0-beta-2.jar;C:\Users\ma20090671\.m2\repository\com\jcraft\jsch\0.1.27\jsch-0.1.27.jar;C:\Users\ma20090671\.m2\repository\org\apache\maven\maven-monitor\2.0.6\maven-monitor-2.0.6.jar;C:\Users\ma20090671\.m2\repository\org\apache\maven\maven-settings\2.0.6\maven-settings-2.0.6.jar;C:\Users\ma20090671\.m2\repository\org\sonatype\plexus\plexus-build-api\0.0.4\plexus-build-api-0.0.4.jar;C:\Users\ma20090671\.m2\repository\org\slf4j\jcl-over-slf4j\1.7.5\jcl-over-slf4j-1.7.5.jar;C:\Users\ma20090671\.m2\repository\org\slf4j\slf4j-api\1.7.5\slf4j-api-1.7.5.jar;"/>
    <property name="sun.cpu.endian" value="little"/>
    <property name="user.home" value="C:\Users\ma20090671"/>
    <property name="user.language" value="en"/>
    <property name="java.specification.vendor" value="Oracle Corporation"/>
    <property name="java.version.date" value="2019-07-16"/>
    <property name="java.home" value="C:\Users\ma20090671\Downloads\open-jdk12.0.2-windows-x64\jdk12.0.2-windows-x64\java-windows"/>
    <property name="file.separator" value="\"/>
    <property name="basedir" value="C:\Users\ma20090671\eclipse-workspace\sample"/>
    <property name="java.vm.compressedOopsMode" value="32-bit"/>
    <property name="line.separator" value="&#10;"/>
    <property name="java.vm.specification.vendor" value="Oracle Corporation"/>
    <property name="java.specification.name" value="Java Platform API Specification"/>
    <property name="java.awt.graphicsenv" value="sun.awt.Win32GraphicsEnvironment"/>
    <property name="surefire.real.class.path" value="C:\Users\ma20090671\AppData\Local\Temp\surefire15301276283910308284\surefirebooter10936327953552489452.jar"/>
    <property name="user.script" value=""/>
    <property name="sun.management.compiler" value="HotSpot 64-Bit Tiered Compilers"/>
    <property name="java.runtime.version" value="12.0.2+10"/>
    <property name="user.name" value="MA20090671"/>
    <property name="path.separator" value=";"/>
    <property name="os.version" value="10.0"/>
    <property name="java.runtime.name" value="OpenJDK Runtime Environment"/>
    <property name="file.encoding" value="Cp1252"/>
    <property name="java.vm.name" value="OpenJDK 64-Bit Server VM"/>
    <property name="java.vendor.version" value="AdoptOpenJDK"/>
    <property name="localRepository" value="C:\Users\ma20090671\.m2\repository"/>
    <property name="java.vendor.url.bug" value="https://github.com/AdoptOpenJDK/openjdk-build/issues"/>
    <property name="java.io.tmpdir" value="C:\Users\ma20090671\AppData\Local\Temp\"/>
    <property name="java.version" value="12.0.2"/>
    <property name="user.dir" value="C:\Users\ma20090671\eclipse-workspace\sample"/>
    <property name="os.arch" value="amd64"/>
    <property name="java.vm.specification.name" value="Java Virtual Machine Specification"/>
    <property name="sun.os.patch.level" value=""/>
    <property name="java.library.path" value="C:\Users\ma20090671\Downloads\open-jdk12.0.2-windows-x64\jdk12.0.2-windows-x64\java-windows\bin;C:\Windows\Sun\Java\bin;C:\Windows\system32;C:\Windows;C:/Users/ma20090671/Downloads/open-jdk12.0.2-windows-x64/jdk12.0.2-windows-x64/java-windows/bin/client;C:/Users/ma20090671/Downloads/open-jdk12.0.2-windows-x64/jdk12.0.2-windows-x64/java-windows/bin;C:\Windows\system32;C:\Windows;C:\Windows\System32\Wbem;C:\Windows\System32\WindowsPowerShell\v1.0\;C:\Windows\System32\OpenSSH\;C:\Program Files (x86)\Webex\Webex\Applications;C:\Users\ma20090671\Downloads\open-jdk12.0.2-windows-x64\jdk12.0.2-windows-x64\java-windows\bin;C:\Users\ma20090671\AppData\Local\Microsoft\WindowsApps;C:\Users\ma20090671\AppData\Local\Programs\Git\cmd;C:\Users\ma20090671\AppData\Local\Programs\Git\mingw64\bin;C:\Users\ma20090671\AppData\Local\Programs\Git\usr\bin;C:\Users\ma20090671\eclipse\jee-2019-06\eclipse;;."/>
    <property name="java.vm.info" value="mixed mode, sharing"/>
    <property name="java.vendor" value="AdoptOpenJDK"/>
    <property name="java.vm.version" value="12.0.2+10"/>
    <property name="sun.io.unicode.encoding" value="UnicodeLittle"/>
    <property name="java.class.version" value="56.0"/>
  </properties>
  <testcase name="test" classname="sample.test.PowerTest" time="0.071"/>
</testsuite>